[12/Jan/2016:18:50:19] ENGINE WARNING: Use of engine.autoreload_on is deprecated and will be removed in a future version. Use engine.autoreload.on instead.
[12/Jan/2016:18:50:19] ENGINE Listening for SIGTERM.
[12/Jan/2016:18:50:19] ENGINE Bus STARTING
[12/Jan/2016:18:50:19] ENGINE Started monitor thread '_TimeoutMonitor'.
[12/Jan/2016:18:50:19] ENGINE Serving on http://127.0.0.1:2000
[12/Jan/2016:18:50:19] ENGINE Bus STARTED
[12/Jan/2016:18:50:21] ENGINE Keyboard Interrupt: shutting down bus
[12/Jan/2016:18:50:21] ENGINE Bus STOPPING
[12/Jan/2016:18:50:21] ENGINE HTTP Server cherrypy._cpwsgi_server.CPWSGIServer(('127.0.0.1', 2000)) shut down
[12/Jan/2016:18:50:21] ENGINE Stopped thread '_TimeoutMonitor'.
[12/Jan/2016:18:50:21] ENGINE Bus STOPPED
[12/Jan/2016:18:50:21] ENGINE Bus EXITING
[12/Jan/2016:18:50:21] ENGINE Bus EXITED
[12/Jan/2016:18:50:21] ENGINE Waiting for child threads to terminate...
[12/Jan/2016:18:50:32] ENGINE Listening for SIGTERM.
[12/Jan/2016:18:50:32] ENGINE Bus STARTING
[12/Jan/2016:18:50:32] ENGINE Started monitor thread '_TimeoutMonitor'.
[12/Jan/2016:18:50:32] ENGINE Serving on http://127.0.0.1:2000
[12/Jan/2016:18:50:32] ENGINE Bus STARTED
[12/Jan/2016:18:51:47] ENGINE Keyboard Interrupt: shutting down bus
[12/Jan/2016:18:51:47] ENGINE Bus STOPPING
[12/Jan/2016:18:51:47] ENGINE HTTP Server cherrypy._cpwsgi_server.CPWSGIServer(('127.0.0.1', 2000)) shut down
[12/Jan/2016:18:51:47] ENGINE Stopped thread '_TimeoutMonitor'.
[12/Jan/2016:18:51:47] ENGINE Bus STOPPED
[12/Jan/2016:18:51:47] ENGINE Bus EXITING
[12/Jan/2016:18:51:47] ENGINE Bus EXITED
[12/Jan/2016:18:51:47] ENGINE Waiting for child threads to terminate...
[12/Jan/2016:18:51:58] ENGINE WARNING: Use of engine.autoreload_on is deprecated and will be removed in a future version. Use engine.autoreload.on instead.
[12/Jan/2016:18:51:58] ENGINE Listening for SIGTERM.
[12/Jan/2016:18:51:58] ENGINE Bus STARTING
[12/Jan/2016:18:51:58] ENGINE Started monitor thread 'Autoreloader'.
[12/Jan/2016:18:51:58] ENGINE Started monitor thread '_TimeoutMonitor'.
[12/Jan/2016:18:51:58] ENGINE Serving on http://127.0.0.1:2000
[12/Jan/2016:18:51:58] ENGINE Bus STARTED
[12/Jan/2016:18:53:40] ENGINE Restarting because C:\Users\mayja1\Desktop\mayja1.github.io\python\tut01.py changed.
[12/Jan/2016:18:53:40] ENGINE Stopped thread 'Autoreloader'.
[12/Jan/2016:18:53:40] ENGINE Bus STOPPING
[12/Jan/2016:18:53:40] ENGINE HTTP Server cherrypy._cpwsgi_server.CPWSGIServer(('127.0.0.1', 2000)) shut down
[12/Jan/2016:18:53:40] ENGINE Stopped thread '_TimeoutMonitor'.
[12/Jan/2016:18:53:40] ENGINE Bus STOPPED
[12/Jan/2016:18:53:40] ENGINE Bus EXITING
[12/Jan/2016:18:53:40] ENGINE Bus EXITED
[12/Jan/2016:18:53:40] ENGINE Waiting for child threads to terminate...
[12/Jan/2016:18:53:40] ENGINE Re-spawning tut01.py
[12/Jan/2016:18:53:44] ENGINE WARNING: Use of engine.autoreload_on is deprecated and will be removed in a future version. Use engine.autoreload.on instead.
[12/Jan/2016:18:53:44] ENGINE Listening for SIGTERM.
[12/Jan/2016:18:53:44] ENGINE Bus STARTING
[12/Jan/2016:18:53:44] ENGINE Started monitor thread 'Autoreloader'.
[12/Jan/2016:18:53:44] ENGINE Started monitor thread '_TimeoutMonitor'.
[12/Jan/2016:18:53:44] ENGINE Serving on http://127.0.0.1:2000
[12/Jan/2016:18:53:44] ENGINE Bus STARTED
[12/Jan/2016:18:53:58] ENGINE Restarting because C:\Users\mayja1\Desktop\mayja1.github.io\python\tut01.py changed.
[12/Jan/2016:18:53:58] ENGINE Stopped thread 'Autoreloader'.
[12/Jan/2016:18:53:58] ENGINE Bus STOPPING
[12/Jan/2016:18:53:58] ENGINE HTTP Server cherrypy._cpwsgi_server.CPWSGIServer(('127.0.0.1', 2000)) shut down
[12/Jan/2016:18:53:58] ENGINE Stopped thread '_TimeoutMonitor'.
[12/Jan/2016:18:53:58] ENGINE Bus STOPPED
[12/Jan/2016:18:53:58] ENGINE Bus EXITING
[12/Jan/2016:18:53:58] ENGINE Bus EXITED
[12/Jan/2016:18:53:58] ENGINE Waiting for child threads to terminate...
[12/Jan/2016:18:53:58] ENGINE Re-spawning tut01.py
[12/Jan/2016:18:54:02] ENGINE Listening for SIGTERM.
[12/Jan/2016:18:54:02] ENGINE Bus STARTING
[12/Jan/2016:18:54:02] ENGINE Started monitor thread 'Autoreloader'.
[12/Jan/2016:18:54:02] ENGINE Started monitor thread '_TimeoutMonitor'.
[12/Jan/2016:18:54:02] ENGINE Serving on http://127.0.0.1:2000
[12/Jan/2016:18:54:02] ENGINE Bus STARTED
[12/Jan/2016:18:54:04] ENGINE Keyboard Interrupt: shutting down bus
[12/Jan/2016:18:54:04] ENGINE Bus STOPPING
[12/Jan/2016:18:54:04] ENGINE HTTP Server cherrypy._cpwsgi_server.CPWSGIServer(('127.0.0.1', 2000)) shut down
[12/Jan/2016:18:54:04] ENGINE Stopped thread 'Autoreloader'.
[12/Jan/2016:18:54:04] ENGINE Stopped thread '_TimeoutMonitor'.
[12/Jan/2016:18:54:04] ENGINE Bus STOPPED
[12/Jan/2016:18:54:04] ENGINE Bus EXITING
[12/Jan/2016:18:54:04] ENGINE Bus EXITED
[12/Jan/2016:18:54:04] ENGINE Waiting for child threads to terminate...
[12/Jan/2016:18:54:11] ENGINE Listening for SIGTERM.
[12/Jan/2016:18:54:11] ENGINE Bus STARTING
[12/Jan/2016:18:54:11] ENGINE Started monitor thread '_TimeoutMonitor'.
[12/Jan/2016:18:54:11] ENGINE Serving on http://127.0.0.1:2000
[12/Jan/2016:18:54:11] ENGINE Bus STARTED
[12/Jan/2016:19:01:56] ENGINE Keyboard Interrupt: shutting down bus
[12/Jan/2016:19:01:56] ENGINE Bus STOPPING
[12/Jan/2016:19:01:56] ENGINE HTTP Server cherrypy._cpwsgi_server.CPWSGIServer(('127.0.0.1', 2000)) shut down
[12/Jan/2016:19:01:56] ENGINE Stopped thread '_TimeoutMonitor'.
[12/Jan/2016:19:01:56] ENGINE Bus STOPPED
[12/Jan/2016:19:01:56] ENGINE Bus EXITING
[12/Jan/2016:19:01:56] ENGINE Bus EXITED
[12/Jan/2016:19:01:56] ENGINE Waiting for child threads to terminate...
[12/Jan/2016:19:02:04] ENGINE WARNING: Use of engine.autoreload_on is deprecated and will be removed in a future version. Use engine.autoreload.on instead.
[12/Jan/2016:19:02:04] ENGINE Listening for SIGTERM.
[12/Jan/2016:19:02:04] ENGINE Bus STARTING
[12/Jan/2016:19:02:04] ENGINE Started monitor thread '_TimeoutMonitor'.
[12/Jan/2016:19:02:04] ENGINE Started monitor thread 'Autoreloader'.
[12/Jan/2016:19:02:04] ENGINE Serving on http://127.0.0.1:2000
[12/Jan/2016:19:02:04] ENGINE Bus STARTED
[12/Jan/2016:19:02:15] HTTP 
Traceback (most recent call last):
  File "C:\Python34\lib\site-packages\cherrypy\_cprequest.py", line 670, in respond
    response.body = self.handler()
  File "C:\Python34\lib\site-packages\cherrypy\lib\encoding.py", line 217, in __call__
    self.body = self.oldhandler(*args, **kwargs)
  File "C:\Python34\lib\site-packages\cherrypy\_cpdispatch.py", line 60, in __call__
    return self.callable(*self.args, **self.kwargs)
  File "tut01.py", line 240, in main
    '''%(movieSrc, movieSrc, movieSrc)
NameError: name 'movieSrc' is not defined
[12/Jan/2016:19:02:36] ENGINE Keyboard Interrupt: shutting down bus
[12/Jan/2016:19:02:36] ENGINE Bus STOPPING
[12/Jan/2016:19:02:36] ENGINE HTTP Server cherrypy._cpwsgi_server.CPWSGIServer(('127.0.0.1', 2000)) shut down
[12/Jan/2016:19:02:36] ENGINE Stopped thread '_TimeoutMonitor'.
[12/Jan/2016:19:02:36] ENGINE Stopped thread 'Autoreloader'.
[12/Jan/2016:19:02:36] ENGINE Bus STOPPED
[12/Jan/2016:19:02:36] ENGINE Bus EXITING
[12/Jan/2016:19:02:36] ENGINE Bus EXITED
[12/Jan/2016:19:02:36] ENGINE Waiting for child threads to terminate...
[12/Jan/2016:19:03:15] ENGINE Listening for SIGTERM.
[12/Jan/2016:19:03:15] ENGINE Bus STARTING
[12/Jan/2016:19:03:15] ENGINE Started monitor thread '_TimeoutMonitor'.
[12/Jan/2016:19:03:15] ENGINE Serving on http://127.0.0.1:2000
[12/Jan/2016:19:03:15] ENGINE Bus STARTED
[12/Jan/2016:19:03:20] HTTP 
Traceback (most recent call last):
  File "C:\Python34\lib\site-packages\cherrypy\_cprequest.py", line 670, in respond
    response.body = self.handler()
  File "C:\Python34\lib\site-packages\cherrypy\lib\encoding.py", line 217, in __call__
    self.body = self.oldhandler(*args, **kwargs)
  File "C:\Python34\lib\site-packages\cherrypy\_cpdispatch.py", line 60, in __call__
    return self.callable(*self.args, **self.kwargs)
  File "tut01.py", line 240, in main
    '''%(movieSrc, movieSrc, movieSrc)
NameError: name 'movieSrc' is not defined
[12/Jan/2016:19:04:20] ENGINE Keyboard Interrupt: shutting down bus
[12/Jan/2016:19:04:20] ENGINE Bus STOPPING
[12/Jan/2016:19:04:20] ENGINE HTTP Server cherrypy._cpwsgi_server.CPWSGIServer(('127.0.0.1', 2000)) shut down
[12/Jan/2016:19:04:20] ENGINE Stopped thread '_TimeoutMonitor'.
[12/Jan/2016:19:04:20] ENGINE Bus STOPPED
[12/Jan/2016:19:04:20] ENGINE Bus EXITING
[12/Jan/2016:19:04:20] ENGINE Bus EXITED
[12/Jan/2016:19:04:20] ENGINE Waiting for child threads to terminate...
[12/Jan/2016:19:04:28] ENGINE WARNING: Use of engine.autoreload_on is deprecated and will be removed in a future version. Use engine.autoreload.on instead.
[12/Jan/2016:19:04:28] ENGINE Listening for SIGTERM.
[12/Jan/2016:19:04:28] ENGINE Bus STARTING
[12/Jan/2016:19:04:28] ENGINE Started monitor thread 'Autoreloader'.
[12/Jan/2016:19:04:28] ENGINE Started monitor thread '_TimeoutMonitor'.
[12/Jan/2016:19:04:29] ENGINE Serving on http://127.0.0.1:2000
[12/Jan/2016:19:04:29] ENGINE Bus STARTED
[12/Jan/2016:19:04:32] HTTP 
Traceback (most recent call last):
  File "C:\Python34\lib\site-packages\cherrypy\_cprequest.py", line 670, in respond
    response.body = self.handler()
  File "C:\Python34\lib\site-packages\cherrypy\lib\encoding.py", line 217, in __call__
    self.body = self.oldhandler(*args, **kwargs)
  File "C:\Python34\lib\site-packages\cherrypy\_cpdispatch.py", line 60, in __call__
    return self.callable(*self.args, **self.kwargs)
  File "tut01.py", line 235, in main
    '''%(movieSrc, movieSrc, movieSrc)
NameError: name 'movieSrc' is not defined
[12/Jan/2016:19:04:38] HTTP 
Traceback (most recent call last):
  File "C:\Python34\lib\site-packages\cherrypy\_cprequest.py", line 670, in respond
    response.body = self.handler()
  File "C:\Python34\lib\site-packages\cherrypy\lib\encoding.py", line 217, in __call__
    self.body = self.oldhandler(*args, **kwargs)
  File "C:\Python34\lib\site-packages\cherrypy\_cpdispatch.py", line 60, in __call__
    return self.callable(*self.args, **self.kwargs)
  File "tut01.py", line 235, in main
    '''%(movieSrc, movieSrc, movieSrc)
NameError: name 'movieSrc' is not defined
[12/Jan/2016:19:05:54] ENGINE Keyboard Interrupt: shutting down bus
[12/Jan/2016:19:05:54] ENGINE Bus STOPPING
[12/Jan/2016:19:05:54] ENGINE HTTP Server cherrypy._cpwsgi_server.CPWSGIServer(('127.0.0.1', 2000)) shut down
[12/Jan/2016:19:05:54] ENGINE Stopped thread 'Autoreloader'.
[12/Jan/2016:19:05:54] ENGINE Stopped thread '_TimeoutMonitor'.
[12/Jan/2016:19:05:54] ENGINE Bus STOPPED
[12/Jan/2016:19:05:54] ENGINE Bus EXITING
[12/Jan/2016:19:05:54] ENGINE Bus EXITED
[12/Jan/2016:19:05:54] ENGINE Waiting for child threads to terminate...
[12/Jan/2016:19:07:23] ENGINE Listening for SIGTERM.
[12/Jan/2016:19:07:23] ENGINE Bus STARTING
[12/Jan/2016:19:07:23] ENGINE Started monitor thread 'Autoreloader'.
[12/Jan/2016:19:07:23] ENGINE Started monitor thread '_TimeoutMonitor'.
[12/Jan/2016:19:07:23] ENGINE Serving on http://127.0.0.1:2000
[12/Jan/2016:19:07:23] ENGINE Bus STARTED
[12/Jan/2016:19:07:33] HTTP 
Traceback (most recent call last):
  File "C:\Python34\lib\site-packages\cherrypy\_cprequest.py", line 670, in respond
    response.body = self.handler()
  File "C:\Python34\lib\site-packages\cherrypy\lib\encoding.py", line 217, in __call__
    self.body = self.oldhandler(*args, **kwargs)
  File "C:\Python34\lib\site-packages\cherrypy\_cpdispatch.py", line 60, in __call__
    return self.callable(*self.args, **self.kwargs)
  File "tut01.py", line 235, in main
    '''%(movieSrc, movieSrc, movieSrc)
NameError: name 'movieSrc' is not defined
[12/Jan/2016:19:07:57] ENGINE Restarting because C:\Users\mayja1\Desktop\mayja1.github.io\python\tut01.py changed.
[12/Jan/2016:19:07:57] ENGINE Stopped thread 'Autoreloader'.
[12/Jan/2016:19:07:57] ENGINE Bus STOPPING
[12/Jan/2016:19:07:57] ENGINE HTTP Server cherrypy._cpwsgi_server.CPWSGIServer(('127.0.0.1', 2000)) shut down
[12/Jan/2016:19:07:57] ENGINE Stopped thread '_TimeoutMonitor'.
[12/Jan/2016:19:07:57] ENGINE Bus STOPPED
[12/Jan/2016:19:07:57] ENGINE Bus EXITING
[12/Jan/2016:19:07:57] ENGINE Bus EXITED
[12/Jan/2016:19:07:57] ENGINE Waiting for child threads to terminate...
[12/Jan/2016:19:07:57] ENGINE Re-spawning tut01.py
[12/Jan/2016:19:08:25] ENGINE WARNING: Use of engine.autoreload_on is deprecated and will be removed in a future version. Use engine.autoreload.on instead.
[12/Jan/2016:19:08:25] ENGINE Listening for SIGTERM.
[12/Jan/2016:19:08:25] ENGINE Bus STARTING
[12/Jan/2016:19:08:25] ENGINE Started monitor thread 'Autoreloader'.
[12/Jan/2016:19:08:25] ENGINE Started monitor thread '_TimeoutMonitor'.
[12/Jan/2016:19:08:25] ENGINE Serving on http://127.0.0.1:2000
[12/Jan/2016:19:08:25] ENGINE Bus STARTED
[12/Jan/2016:19:08:28] HTTP 
Traceback (most recent call last):
  File "C:\Python34\lib\site-packages\cherrypy\_cprequest.py", line 670, in respond
    response.body = self.handler()
  File "C:\Python34\lib\site-packages\cherrypy\lib\encoding.py", line 217, in __call__
    self.body = self.oldhandler(*args, **kwargs)
  File "C:\Python34\lib\site-packages\cherrypy\_cpdispatch.py", line 60, in __call__
    return self.callable(*self.args, **self.kwargs)
  File "tut01.py", line 235, in main
    """%(movieSrc, movieSrc, movieSrc)
NameError: name 'movieSrc' is not defined
[12/Jan/2016:19:08:45] HTTP 
Traceback (most recent call last):
  File "C:\Python34\lib\site-packages\cherrypy\_cprequest.py", line 670, in respond
    response.body = self.handler()
  File "C:\Python34\lib\site-packages\cherrypy\lib\encoding.py", line 217, in __call__
    self.body = self.oldhandler(*args, **kwargs)
  File "C:\Python34\lib\site-packages\cherrypy\_cpdispatch.py", line 60, in __call__
    return self.callable(*self.args, **self.kwargs)
  File "tut01.py", line 235, in main
    """%(movieSrc, movieSrc, movieSrc)
NameError: name 'movieSrc' is not defined
[12/Jan/2016:19:09:11] HTTP 
Traceback (most recent call last):
  File "C:\Python34\lib\site-packages\cherrypy\_cprequest.py", line 670, in respond
    response.body = self.handler()
  File "C:\Python34\lib\site-packages\cherrypy\lib\encoding.py", line 217, in __call__
    self.body = self.oldhandler(*args, **kwargs)
  File "C:\Python34\lib\site-packages\cherrypy\_cpdispatch.py", line 60, in __call__
    return self.callable(*self.args, **self.kwargs)
  File "tut01.py", line 235, in main
    """%(movieSrc, movieSrc, movieSrc)
NameError: name 'movieSrc' is not defined
[12/Jan/2016:19:09:30] ENGINE Restarting because C:\Users\mayja1\Desktop\mayja1.github.io\python\tut01.py changed.
[12/Jan/2016:19:09:30] ENGINE Stopped thread 'Autoreloader'.
[12/Jan/2016:19:09:30] ENGINE Bus STOPPING
[12/Jan/2016:19:09:30] ENGINE HTTP Server cherrypy._cpwsgi_server.CPWSGIServer(('127.0.0.1', 2000)) shut down
[12/Jan/2016:19:09:30] ENGINE Stopped thread '_TimeoutMonitor'.
[12/Jan/2016:19:09:30] ENGINE Bus STOPPED
[12/Jan/2016:19:09:30] ENGINE Bus EXITING
[12/Jan/2016:19:09:30] ENGINE Bus EXITED
[12/Jan/2016:19:09:30] ENGINE Waiting for child threads to terminate...
[12/Jan/2016:19:09:30] ENGINE Re-spawning tut01.py
[12/Jan/2016:19:09:33] ENGINE WARNING: Use of engine.autoreload_on is deprecated and will be removed in a future version. Use engine.autoreload.on instead.
[12/Jan/2016:19:09:33] ENGINE Listening for SIGTERM.
[12/Jan/2016:19:09:33] ENGINE Bus STARTING
[12/Jan/2016:19:09:33] ENGINE Started monitor thread 'Autoreloader'.
[12/Jan/2016:19:09:33] ENGINE Started monitor thread '_TimeoutMonitor'.
[12/Jan/2016:19:09:34] ENGINE Serving on http://127.0.0.1:2000
[12/Jan/2016:19:09:34] ENGINE Bus STARTED
[12/Jan/2016:19:09:35] ENGINE Restarting because C:\Users\mayja1\Desktop\mayja1.github.io\python\tut01.py changed.
[12/Jan/2016:19:09:35] ENGINE Stopped thread 'Autoreloader'.
[12/Jan/2016:19:09:35] ENGINE Bus STOPPING
[12/Jan/2016:19:09:36] ENGINE HTTP Server cherrypy._cpwsgi_server.CPWSGIServer(('127.0.0.1', 2000)) shut down
[12/Jan/2016:19:09:36] ENGINE Stopped thread '_TimeoutMonitor'.
[12/Jan/2016:19:09:36] ENGINE Bus STOPPED
[12/Jan/2016:19:09:36] ENGINE Bus EXITING
[12/Jan/2016:19:09:36] ENGINE Bus EXITED
[12/Jan/2016:19:09:36] ENGINE Waiting for child threads to terminate...
[12/Jan/2016:19:09:36] ENGINE Re-spawning tut01.py
[12/Jan/2016:19:09:39] ENGINE Listening for SIGTERM.
[12/Jan/2016:19:09:39] ENGINE Bus STARTING
[12/Jan/2016:19:09:39] ENGINE Started monitor thread '_TimeoutMonitor'.
[12/Jan/2016:19:09:39] ENGINE Serving on http://127.0.0.1:2000
[12/Jan/2016:19:09:39] ENGINE Bus STARTED
[12/Jan/2016:19:09:39] ENGINE Keyboard Interrupt: shutting down bus
[12/Jan/2016:19:09:39] ENGINE Bus STOPPING
[12/Jan/2016:19:09:40] ENGINE HTTP Server cherrypy._cpwsgi_server.CPWSGIServer(('127.0.0.1', 2000)) shut down
[12/Jan/2016:19:09:40] ENGINE Stopped thread '_TimeoutMonitor'.
[12/Jan/2016:19:09:40] ENGINE Bus STOPPED
[12/Jan/2016:19:09:40] ENGINE Bus EXITING
[12/Jan/2016:19:09:40] ENGINE Bus EXITED
[12/Jan/2016:19:09:40] ENGINE Waiting for child threads to terminate...
[12/Jan/2016:19:09:45] ENGINE WARNING: Use of engine.autoreload_on is deprecated and will be removed in a future version. Use engine.autoreload.on instead.
[12/Jan/2016:19:09:45] ENGINE Listening for SIGTERM.
[12/Jan/2016:19:09:45] ENGINE Bus STARTING
[12/Jan/2016:19:09:45] ENGINE Started monitor thread 'Autoreloader'.
[12/Jan/2016:19:09:45] ENGINE Started monitor thread '_TimeoutMonitor'.
[12/Jan/2016:19:09:45] ENGINE Serving on http://127.0.0.1:2000
[12/Jan/2016:19:09:45] ENGINE Bus STARTED
[12/Jan/2016:19:09:49] HTTP 
Traceback (most recent call last):
  File "C:\Python34\lib\site-packages\cherrypy\_cprequest.py", line 670, in respond
    response.body = self.handler()
  File "C:\Python34\lib\site-packages\cherrypy\lib\encoding.py", line 217, in __call__
    self.body = self.oldhandler(*args, **kwargs)
  File "C:\Python34\lib\site-packages\cherrypy\_cpdispatch.py", line 60, in __call__
    return self.callable(*self.args, **self.kwargs)
  File "tut01.py", line 235, in index
    """%(movieSrc, movieSrc, movieSrc)
NameError: name 'movieSrc' is not defined
[12/Jan/2016:19:10:06] ENGINE Restarting because C:\Users\mayja1\Desktop\mayja1.github.io\python\tut01.py changed.
[12/Jan/2016:19:10:06] ENGINE Stopped thread 'Autoreloader'.
[12/Jan/2016:19:10:06] ENGINE Bus STOPPING
[12/Jan/2016:19:10:06] ENGINE HTTP Server cherrypy._cpwsgi_server.CPWSGIServer(('127.0.0.1', 2000)) shut down
[12/Jan/2016:19:10:06] ENGINE Stopped thread '_TimeoutMonitor'.
[12/Jan/2016:19:10:06] ENGINE Bus STOPPED
[12/Jan/2016:19:10:06] ENGINE Bus EXITING
[12/Jan/2016:19:10:06] ENGINE Bus EXITED
[12/Jan/2016:19:10:06] ENGINE Waiting for child threads to terminate...
[12/Jan/2016:19:10:06] ENGINE Re-spawning tut01.py
[12/Jan/2016:19:10:10] ENGINE Listening for SIGTERM.
[12/Jan/2016:19:10:10] ENGINE Bus STARTING
[12/Jan/2016:19:10:10] ENGINE Started monitor thread 'Autoreloader'.
[12/Jan/2016:19:10:10] ENGINE Started monitor thread '_TimeoutMonitor'.
[12/Jan/2016:19:10:10] ENGINE Serving on http://127.0.0.1:2000
[12/Jan/2016:19:10:10] ENGINE Bus STARTED
[12/Jan/2016:19:11:34] ENGINE Restarting because C:\Users\mayja1\Desktop\mayja1.github.io\python\tut01.py changed.
[12/Jan/2016:19:11:34] ENGINE Stopped thread 'Autoreloader'.
[12/Jan/2016:19:11:34] ENGINE Bus STOPPING
[12/Jan/2016:19:11:34] ENGINE HTTP Server cherrypy._cpwsgi_server.CPWSGIServer(('127.0.0.1', 2000)) shut down
[12/Jan/2016:19:11:34] ENGINE Stopped thread '_TimeoutMonitor'.
[12/Jan/2016:19:11:34] ENGINE Bus STOPPED
[12/Jan/2016:19:11:34] ENGINE Bus EXITING
[12/Jan/2016:19:11:34] ENGINE Bus EXITED
[12/Jan/2016:19:11:34] ENGINE Waiting for child threads to terminate...
[12/Jan/2016:19:11:34] ENGINE Re-spawning tut01.py
[12/Jan/2016:19:11:37] ENGINE Listening for SIGTERM.
[12/Jan/2016:19:11:37] ENGINE Bus STARTING
[12/Jan/2016:19:11:37] ENGINE Started monitor thread '_TimeoutMonitor'.
[12/Jan/2016:19:11:38] ENGINE Serving on http://127.0.0.1:2000
[12/Jan/2016:19:11:38] ENGINE Bus STARTED
[12/Jan/2016:19:11:41] HTTP 
Traceback (most recent call last):
  File "C:\Python34\lib\site-packages\cherrypy\_cprequest.py", line 670, in respond
    response.body = self.handler()
  File "C:\Python34\lib\site-packages\cherrypy\lib\encoding.py", line 217, in __call__
    self.body = self.oldhandler(*args, **kwargs)
  File "C:\Python34\lib\site-packages\cherrypy\_cpdispatch.py", line 60, in __call__
    return self.callable(*self.args, **self.kwargs)
  File "tut01.py", line 220, in main
    """%movieSrc
NameError: name 'movieSrc' is not defined
[12/Jan/2016:19:11:47] HTTP 
Traceback (most recent call last):
  File "C:\Python34\lib\site-packages\cherrypy\_cprequest.py", line 670, in respond
    response.body = self.handler()
  File "C:\Python34\lib\site-packages\cherrypy\lib\encoding.py", line 217, in __call__
    self.body = self.oldhandler(*args, **kwargs)
  File "C:\Python34\lib\site-packages\cherrypy\_cpdispatch.py", line 60, in __call__
    return self.callable(*self.args, **self.kwargs)
  File "tut01.py", line 220, in main
    """%movieSrc
NameError: name 'movieSrc' is not defined
[12/Jan/2016:19:11:50] ENGINE Keyboard Interrupt: shutting down bus
[12/Jan/2016:19:11:50] ENGINE Bus STOPPING
[12/Jan/2016:19:11:50] ENGINE HTTP Server cherrypy._cpwsgi_server.CPWSGIServer(('127.0.0.1', 2000)) shut down
[12/Jan/2016:19:11:50] ENGINE Stopped thread '_TimeoutMonitor'.
[12/Jan/2016:19:11:50] ENGINE Bus STOPPED
[12/Jan/2016:19:11:50] ENGINE Bus EXITING
[12/Jan/2016:19:11:50] ENGINE Bus EXITED
[12/Jan/2016:19:11:50] ENGINE Waiting for child threads to terminate...
[12/Jan/2016:19:14:04] ENGINE WARNING: Use of engine.autoreload_on is deprecated and will be removed in a future version. Use engine.autoreload.on instead.
[12/Jan/2016:19:14:04] ENGINE Listening for SIGTERM.
[12/Jan/2016:19:14:04] ENGINE Bus STARTING
[12/Jan/2016:19:14:04] ENGINE Started monitor thread '_TimeoutMonitor'.
[12/Jan/2016:19:14:04] ENGINE Started monitor thread 'Autoreloader'.
[12/Jan/2016:19:14:04] ENGINE Serving on http://127.0.0.1:2000
[12/Jan/2016:19:14:04] ENGINE Bus STARTED
[12/Jan/2016:19:48:16] ENGINE WARNING: Use of engine.autoreload_on is deprecated and will be removed in a future version. Use engine.autoreload.on instead.
[12/Jan/2016:19:48:16] ENGINE Listening for SIGTERM.
[12/Jan/2016:19:48:16] ENGINE Bus STARTING
[12/Jan/2016:19:48:16] ENGINE Started monitor thread '_TimeoutMonitor'.
[12/Jan/2016:19:48:16] ENGINE Serving on http://127.0.0.1:2000
[12/Jan/2016:19:48:16] ENGINE Bus STARTED
[12/Jan/2016:19:52:14] ENGINE Keyboard Interrupt: shutting down bus
[12/Jan/2016:19:52:14] ENGINE Bus STOPPING
[12/Jan/2016:19:52:14] ENGINE HTTP Server cherrypy._cpwsgi_server.CPWSGIServer(('127.0.0.1', 2000)) shut down
[12/Jan/2016:19:52:14] ENGINE Stopped thread '_TimeoutMonitor'.
[12/Jan/2016:19:52:14] ENGINE Bus STOPPED
[12/Jan/2016:19:52:14] ENGINE Bus EXITING
[12/Jan/2016:19:52:14] ENGINE Bus EXITED
[12/Jan/2016:19:52:14] ENGINE Waiting for child threads to terminate...
[12/Jan/2016:20:00:36] ENGINE WARNING: Use of engine.autoreload_on is deprecated and will be removed in a future version. Use engine.autoreload.on instead.
[12/Jan/2016:20:00:36] ENGINE Listening for SIGTERM.
[12/Jan/2016:20:00:36] ENGINE Bus STARTING
[12/Jan/2016:20:00:36] ENGINE Started monitor thread '_TimeoutMonitor'.
[12/Jan/2016:20:00:36] ENGINE Started monitor thread 'Autoreloader'.
[12/Jan/2016:20:00:36] ENGINE Serving on http://127.0.0.1:2000
[12/Jan/2016:20:00:36] ENGINE Bus STARTED
[12/Jan/2016:20:01:19] ENGINE Keyboard Interrupt: shutting down bus
[12/Jan/2016:20:01:19] ENGINE Bus STOPPING
[12/Jan/2016:20:01:43] ENGINE WARNING: Use of engine.autoreload_on is deprecated and will be removed in a future version. Use engine.autoreload.on instead.
[12/Jan/2016:20:01:43] ENGINE Listening for SIGTERM.
[12/Jan/2016:20:01:43] ENGINE Bus STARTING
[12/Jan/2016:20:01:43] ENGINE Started monitor thread '_TimeoutMonitor'.
[12/Jan/2016:20:01:43] ENGINE Started monitor thread 'Autoreloader'.
[12/Jan/2016:20:01:43] ENGINE Serving on http://127.0.0.1:2000
[12/Jan/2016:20:01:43] ENGINE Bus STARTED
[12/Jan/2016:20:03:23] ENGINE Keyboard Interrupt: shutting down bus
[12/Jan/2016:20:03:23] ENGINE Bus STOPPING
[12/Jan/2016:20:03:23] ENGINE HTTP Server cherrypy._cpwsgi_server.CPWSGIServer(('127.0.0.1', 2000)) shut down
[12/Jan/2016:20:03:23] ENGINE Stopped thread '_TimeoutMonitor'.
[12/Jan/2016:20:03:23] ENGINE Stopped thread 'Autoreloader'.
[12/Jan/2016:20:03:23] ENGINE Bus STOPPED
[12/Jan/2016:20:03:23] ENGINE Bus EXITING
[12/Jan/2016:20:03:23] ENGINE Bus EXITED
[12/Jan/2016:20:03:23] ENGINE Waiting for child threads to terminate...
[12/Jan/2016:20:03:28] ENGINE Listening for SIGTERM.
[12/Jan/2016:20:03:28] ENGINE Bus STARTING
[12/Jan/2016:20:03:28] ENGINE Started monitor thread '_TimeoutMonitor'.
[12/Jan/2016:20:03:28] ENGINE Serving on http://127.0.0.1:2000
[12/Jan/2016:20:03:28] ENGINE Bus STARTED
[12/Jan/2016:20:10:03] ENGINE Keyboard Interrupt: shutting down bus
[12/Jan/2016:20:10:03] ENGINE Bus STOPPING
[12/Jan/2016:20:10:03] ENGINE HTTP Server cherrypy._cpwsgi_server.CPWSGIServer(('127.0.0.1', 2000)) shut down
[12/Jan/2016:20:10:03] ENGINE Stopped thread '_TimeoutMonitor'.
[12/Jan/2016:20:10:03] ENGINE Bus STOPPED
[12/Jan/2016:20:10:03] ENGINE Bus EXITING
[12/Jan/2016:20:10:03] ENGINE Bus EXITED
[12/Jan/2016:20:10:03] ENGINE Waiting for child threads to terminate...
[17/Jan/2016:21:54:36] ENGINE Listening for SIGTERM.
[17/Jan/2016:21:54:36] ENGINE Bus STARTING
[17/Jan/2016:21:54:36] ENGINE Started monitor thread '_TimeoutMonitor'.
[17/Jan/2016:21:54:36] ENGINE Serving on http://127.0.0.1:2000
[17/Jan/2016:21:54:36] ENGINE Bus STARTED
[17/Jan/2016:22:18:34] ENGINE Keyboard Interrupt: shutting down bus
[17/Jan/2016:22:18:34] ENGINE Bus STOPPING
[17/Jan/2016:22:18:34] ENGINE HTTP Server cherrypy._cpwsgi_server.CPWSGIServer(('127.0.0.1', 2000)) shut down
[17/Jan/2016:22:18:34] ENGINE Stopped thread '_TimeoutMonitor'.
[17/Jan/2016:22:18:34] ENGINE Bus STOPPED
[17/Jan/2016:22:18:34] ENGINE Bus EXITING
[17/Jan/2016:22:18:34] ENGINE Bus EXITED
[17/Jan/2016:22:18:34] ENGINE Waiting for child threads to terminate...
